Nov 19, 2021 9:33:18 AM registry.Logging logging
INFO: New service registered: test localhost:8000
Nov 23, 2021 2:14:49 PM registry.Logging logging
INFO: New service registered: test localhost:8000
Feb 28, 2022 9:06:10 PM registry.Logging logging
INFO: New service registered: test localhost:8000
Feb 28, 2022 9:14:43 PM registry.Logging logging
INFO: New service registered: test localhost:8000
Feb 28, 2022 9:15:46 PM registry.Logging logging
INFO: New service registered: test localhost:8001
Feb 28, 2022 10:07:20 PM registry.Logging logging
INFO: New service registered: test localhost:8000
Feb 28, 2022 10:08:49 PM registry.Logging logging
INFO: New service registered: test localhost:8000
Feb 28, 2022 10:08:54 PM registry.Logging logging
INFO: New service registered: test localhost:8001
Feb 28, 2022 10:09:51 PM registry.Logging logging
INFO: New service registered: test localhost:8000
Feb 28, 2022 10:10:58 PM registry.Logging logging
INFO: New service registered: test localhost:8001
Feb 28, 2022 10:22:38 PM registry.Logging logging
INFO: New service registered: test localhost:8001
Feb 28, 2022 10:28:29 PM registry.Logging logging
INFO: New service registered: test localhost:8001
Feb 28, 2022 10:29:12 PM registry.Logging logging
INFO: New service registered: test localhost:8001
Feb 28, 2022 10:29:24 PM registry.Logging logging
INFO: New service registered: test localhost:8000
Feb 28, 2022 10:43:04 PM registry.Logging logging
INFO: New service registered: test localhost:8000
Feb 28, 2022 10:43:26 PM registry.Logging logging
INFO: New service registered: test localhost:8001
Feb 28, 2022 10:46:32 PM registry.Logging logging
INFO: New service registered: test localhost:8000
Feb 28, 2022 10:47:05 PM registry.Logging logging
INFO: New service registered: test localhost:8000
Feb 28, 2022 10:47:50 PM registry.Logging logging
INFO: New service registered: test localhost:8001
Mar 01, 2022 6:58:16 PM registry.Logging logging
INFO: New service registered: test localhost:8000
Mar 01, 2022 6:58:46 PM registry.Logging logging
INFO: New service registered: test localhost:8000
Mar 01, 2022 6:59:24 PM registry.Logging logging
INFO: New service registered: test localhost:8000
Mar 01, 2022 6:59:58 PM registry.Logging logging
INFO: New service registered: test localhost:8001
